 158Gd                       158Gd   Adopted levels                   Page   1
                          ============================

     Q(beta-)=-1220.0 9; S(n)=7937.33 12; S(p)=8518 6; Q(alpha)=-659.9 13  
       1993AU05
     Some studies (1962Re04,1965Gr04,1966Iv01) suggest the existence
       of isomeric levels above the 4+ level at 261 keV with T1/2 of 0.46
       ms and possibly 0.125 ms and 2 ms. Since such isomeric levels
       have not been verified and their decay modes are unknown, they
       are not included here. See 158Gd IT decay for more
       information.
     The energy-level spacings in the octupole-vibrational
       bands show large deviations from the I(I+1) formula, indicating
       strong band-mixing effects. 1978Gr14 have conducted a three-band
       Coriolis mixing analysis including the Kpi=0-, 1-, and 2- bands
       which gives good agreement with experimental level energies.
     Model and theory calculations that may be of interest
       include: E(level) and beta(lambda): 1965So04, 1970Ne02, 1975Za05, 
       1983Li06,
       1984So17, 1986Ba56, 1986Ne06, 1986No12, 1990Ad03, 1990Ha22; g-factors,
       mu, Q, and Delta<r2>: 1975Za05, 1984An04, 1984Sa16, 1985Ro21,
       1987Ne03, 1993Sa08; isomer shift for 2+ level: 1972Me24, 1973Me08;
 158Gd                   158Gd   Adopted levels (cont)                Page   2
                      ===================================

       configurations: 1984So17, 1986Ne06, 1986So09, 1990So16, 1993So20,
       1994So02; properties of 0+ states: 1973Ab06, 1993So20; B(E3)(up)
       strengths: 1992So22; half-lives of 2+ and 4+ of g.s. band: 1979BeZN;
       and half-life of ground state for cluster (e.g., 12C) emission:
       1993Gu02. See (gamma,gamma'), (d,p), (p,t), and Coulomb excitation for 
       model
       calculation references related to those reactions.

                          Cross Reference XREF Flags
                          ----- --------- ---- -----

     A 158EU B- DECAY
     B 158TB EC DECAY
     C 157GD(N,G)
     D 158GD(G,G'),158GD(E,E')
     E 160GD(P,T)
     F 157GD(D,P)
     G 158GD(D,D')
     H 159TB(POL T,A)
 158Gd                   158Gd   Adopted levels (cont)                Page   3
                      ===================================

     I COULOMB EXCITATION
     J 156GD(T,P)

    E(level)        Jpi       XREF        T1/2               Comments
 --------------  --------  ----------  ----------  --------------------------- 
 0.0[*]          0+        ABCDEFGHIJ  STABLE      <r2>=26.608 24 fm2 deduced
                                                    by 1983La08 from
                                                    muonic-atom K and L x-ray
                                                    energies (see also the
                                                    curve in 1991Ho27 and
                                                    reference cited therein).
                                                    Measurements of Delta<r2>
                                                    or the related parameter
                                                    lambda aproxDelta<r2> are
                                                    given by 1983La08,
                                                    1987Bo58, 1988Al40 (plot
                                                    only), 1990Du08, and
                                                    1990Wa25 (as well as
                                                    earlier references quoted
 158Gd                   158Gd   Adopted levels (cont)                Page   4
                      ===================================


    E(level)        Jpi       XREF        T1/2               Comments          
 --------------  --------  ----------  ----------  --------------------------- 
                                                    in 1990Du08 and 1990Wa25).
                                                     From 1990Du08 and
                                                    1990Wa25, respectively,
                                                    lambda(156Gd-158Gd)=0.150
                                                    5 and 0.130 7 fm2 and
                                                    lambda(158Gd-160Gd)=0.156
                                                    5 and 0.134 7 fm2. The Gd
                                                    r4 and r6 radial moments
                                                    are also given by
                                                    1990Wa25.
 79.510[*] 2     2+        ABCDEFGHIJ  2.52 NS 3   MOMM1=+0.762 8 $
                                                    MOME2=-2.01 4
                                                   J: From E2 gamma to 0+ g.s.
                                                   T: Weighted average of 2.56
                                                     ns 6 (1967Wo06), 2.59 ns
                                                    12 (1969Av01), and 2.34 ns
 158Gd                   158Gd   Adopted levels (cont)                Page   5
                      ===================================


    E(level)        Jpi       XREF        T1/2               Comments          
 --------------  --------  ----------  ----------  --------------------------- 
                                                     10 (1962Bi05) from
                                                    Coulomb excitation; 2.47
                                                    ns 10 (1966Fu03), 2.52 ns
                                                    8 (1968Ku03), 2.58 ns 15
                                                    and 2.61 ns 15 (1968Sc04)
                                                    from 158Tb ec decay; and
                                                    2.54 ns 7 calculated from
                                                    B(E2)(up)=4.99 3. Others:
                                                    1959Bi10 and 1961Go09
                                                    values replaced by that of
                                                     1962Bi05, 2.75 ns 22
                                                    [calculated from
                                                    T/T1/2(152Sm)=1.93 15
                                                    (1959Bi10) and
                                                    T1/2(152Sm)=1.426 ns 29].
                                                   MOMM1: From 1989Ra17
 158Gd                   158Gd   Adopted levels (cont)                Page   6
                      ===================================


    E(level)        Jpi       XREF        T1/2               Comments          
 --------------  --------  ----------  ----------  --------------------------- 
                                                    evaluation and based on
                                                    g-factor measurement of
                                                    1988Al33 in 158Tb ec
                                                    decay; later g-factor
                                                    measurements give mu=0.82
                                                    20 (1991St01) and 0.78 6
                                                    (1992Br07).
                                                   MOME2: From 1989Ra17
                                                    evaluation and based on
                                                    data of 1983La08; other
                                                    value in 1989Ra17 is -1.96
                                                     4.
                                                   Muonic isomer shift=-235 70
                                                     eV (1974Ba77,1974En08)
                                                    and 19 197 eV (1983La08).
                                                    From Mossbauer
 158Gd                   158Gd   Adopted levels (cont)                Page   7
                      ===================================


    E(level)        Jpi       XREF        T1/2               Comments          
 --------------  --------  ----------  ----------  --------------------------- 
                                                    measurements, Delta<r2>(79
                                                     keV-0)=+0.0004 3 fm2
                                                    (1967Fi08) and
                                                    Delta<r2>(79-0)/<r2>(0)=0.
                                                    000064 17 (1968Ga09) and
                                                    0.00006 3 (1970Ru04).
 261.440[*] 7    4+        ABC EFGHIJ  0.148 NS 2  MOMM1=+1.64 6
                                                   J: From E2 gamma to 2+
                                                    level and expected band
                                                    structure.
                                                   T: Weighted average of
                                                    0.162 ns 13 (1968Ku03),
                                                    0.20 ns 7 (1968Sc04), and
                                                    0.148 ns 2 (1988Al33) from
                                                     158Tb ec decay.
                                                   MOMM1: From 1989Ra17
 158Gd                   158Gd   Adopted levels (cont)                Page   8
                      ===================================


    E(level)        Jpi       XREF        T1/2               Comments          
 --------------  --------  ----------  ----------  --------------------------- 
                                                    evaluation and based on
                                                    g-factor of 1988Al33;
                                                    later g-factor
                                                    measurements give mu=1.56
                                                    12 (1991St01) and 1.60
                                                    12 (1992Br07).
 538.983[*] 16   6+          C EFGHIJ              MOMM1=2.46 24
                                                   J: From E2 gamma to 4+
                                                    level and expected band
                                                    structure.
                                                   MOMM1: From g-factor=0.41 4
                                                     (1992Br07); other:
                                                    1991St01.
 904.4[*] 5      8+                I   5.1 PS 4    MOMM1=3.4 4
                                                   J: From gamma to 6+ level
                                                    and expected band
 158Gd                   158Gd   Adopted levels (cont)                Page   9
                      ===================================


    E(level)        Jpi       XREF        T1/2               Comments          
 --------------  --------  ----------  ----------  --------------------------- 
                                                    structure.
                                                   T: From Coulomb excitation
                                                    by Doppler-shifted line
                                                    shape (1977Ke06).
                                                   MOMM1: From g-factor=0.42 5
                                                     (1992Br07).
 977.089[#] 25   1-        ABC E G IJ              J: From E1 gamma to 0+
                                                    ground state.
                                                   J: Components may include
                                                    configuration=((nu
                                                    5/2[642])-(nu 3/2[521]))
                                                    (1978Gr14,1994So02) and
                                                    configuration=((pi
                                                    5/2[532])-(pi 3/2[411]))
                                                    (1994So02).
 1023.65[#] 3    2-        ABC  F  I               J: From E1 gamma to 2+
 158Gd                   158Gd   Adopted levels (cont)                Page  10
                      ===================================


    E(level)        Jpi       XREF        T1/2               Comments          
 --------------  --------  ----------  ----------  --------------------------- 
                                                    level, population by
                                                    primary gamma in
                                                    (n,gamma), and proposed
                                                    band structure.
 1041.59[#] 3    3-        ABC EFGHIJ  0.54 PS 15  J: From E1 gamma's to 2+
                                                    and 4+ levels.
                                                   T: From Coulomb excitation
                                                    by Doppler-broadened line
                                                    shape (1979McZU).
 1158.92[#] 3    4-         BC  F  I               XREF:F(1163)
                                                   J: From E2 gamma to 2-
                                                    level, E1 to 4+, and
                                                    expected band structure.
 1176.43[#] 3    5-          C   GHI               XREF:G(1172)H(1172)
                                                   J: From E1 gamma's to 4+
                                                    and 6+ levels.
 158Gd                   158Gd   Adopted levels (cont)                Page  11
                      ===================================


    E(level)        Jpi       XREF        T1/2               Comments          
 --------------  --------  ----------  ----------  --------------------------- 
 1187.10[@] 3    2+        ABC EFG IJ  0.61 PS 4   XREF:F(1190)J(*1196)
                                                   J: From E2 gamma to 0+
                                                    g.s..
                                                   J: Components may include
                                                    configuration=((nu
                                                    3/2[521])+(nu 1/2[521]))
                                                    and configuration=((nu
                                                    5/2[523])-(nu 1/2[521]))
                                                    (1994So02).
                                                   T: Calculated from
                                                    B(E2)(up)=0.089 4 and
                                                    gamma branching.
 1196.10[%] 3    0+        A C E   IJ              XREF:J(*1196)
                                                   J: From E2 gamma to 2+
                                                    level, gamma to 1-, and
                                                    proposed band structure.
 158Gd                   158Gd   Adopted levels (cont)                Page  12
                      ===================================


    E(level)        Jpi       XREF        T1/2               Comments          
 --------------  --------  ----------  ----------  --------------------------- 
                                                   J: Components may include
                                                    configuration=((nu
                                                    3/2[521])-(nu 3/2[521]))
                                                    (1978Gr14,1994So02) and
                                                    configuration=((nu
                                                    5/2[523])-(nu 5/2[523]))
                                                    (1994So02).
 1259.81[%] 3    2+        A C E   IJ  3.6 PS 3    XREF:E(*1263)J(*1266)
                                                   J: From E2 gamma to 0+
                                                    g.s..
                                                   T: Calculated from
                                                    B(E2)(up)=0.0080 6 and
                                                    gamma branching.
 1263.46[&] 3    1-        A CDE G IJ              XREF:E(*1263)J(*1266)
                                                   J: From E1 gamma to 0+
                                                    g.s..
 158Gd                   158Gd   Adopted levels (cont)                Page  13
                      ===================================


    E(level)        Jpi       XREF        T1/2               Comments          
 --------------  --------  ----------  ----------  --------------------------- 
 1265.48[@] 3    3+        A C EF HI               XREF:E(*1263)
                                                   J: From E2 gamma's to 2+
                                                    and 4+ levels and expected
                                                     band structure.
 1350.5[*] 7     10+               I   1.85 PS 15  MOMM1=3.2 4
                                                   J: From gamma to 8+ level
                                                    and expected band
                                                    structure.
                                                   T: From Coulomb excitation
                                                    by Doppler-shifted line
                                                    shape (1977Ke06).
                                                   MOMM1: From
                                                    g-factor(10+)/g-factor(2+)
                                                    =0.83 11 from 1989Ra17
                                                    evaluation and
                                                    g-factor(2+)=0.381 4.
 158Gd                   158Gd   Adopted levels (cont)                Page  14
                      ===================================


    E(level)        Jpi       XREF        T1/2               Comments          
 --------------  --------  ----------  ----------  --------------------------- 
 1358.42[@] 3    4+          C EFG IJ              J: From E2 gamma's to 2+
                                                    and 4+ levels and expected
                                                     band structure.
 1371.89[#] 3    6-          C     I               J: From E2 gamma to 4-
                                                    level and expected band
                                                    structure.
 1380.57[a] 3    4+          C  F H                XREF:H(1385)
                                                   J: From E2 gamma's to 2+
                                                    and 4+ levels and proposed
                                                     band structure.
                                                   J: Major component is
                                                    configuration=((pi
                                                    3/2[411])+(pi 5/2[413]))
                                                    from (pol t,alpha)
                                                    (1981Bu10) and model
                                                    calculations
 158Gd                   158Gd   Adopted levels (cont)                Page  15
                      ===================================


    E(level)        Jpi       XREF        T1/2               Comments          
 --------------  --------  ----------  ----------  --------------------------- 
                                                    (1984So17,1986Ne06,1990So
                                                    16,1994So02) with minor
                                                    component of
                                                    configuration=((nu
                                                    5/2[523])+(nu 3/2[521]))
                                                    suggested in calculations
                                                    (1986Ne06,1990So16,1994So
                                                    02).
 1391.[#]        7-                I               J: From gamma's to 6+ and
                                                    8+ levels and expected
                                                    band structure.
 1402.86[&] 3    3-        A C   G I               BE3=0.023 (1967BL05)
                                                   J: From E1 gamma's to 2+
                                                    and 4+ levels.
 1406.64[%] 3    4+          C     I               J: From E2 gamma's to 2+
                                                    and 6+ levels
 158Gd                   158Gd   Adopted levels (cont)                Page  16
                      ===================================


    E(level)        Jpi       XREF        T1/2               Comments          
 --------------  --------  ----------  ----------  --------------------------- 
 1414                           F   J
 1440 5                         F
 1452.30[b] 4    0+        A C E G  J              XREF:G(1449)J(1461)
                                                   J: From L=0 in (p,t) and E0
                                                     gamma to 0+ level.
                                                   J: Components may include
                                                    configuration=((pi
                                                    5/2[413])-(pi 5/2[413]))
                                                    configuration=((nu
                                                    3/2[521])-(nu 3/2[521]))
                                                    (1984So17,1994So02).
 1481.37[@] 4    5+          C    HI               XREF:H(*1493)
                                                   J: From E2 gamma's to 4+
                                                    and 6+ and expected band
                                                    structure.
 1499.04[a] 4    5+          C  F H                XREF:F(1503)H(*1493)
 158Gd                   158Gd   Adopted levels (cont)                Page  17
                      ===================================


    E(level)        Jpi       XREF        T1/2               Comments          
 --------------  --------  ----------  ----------  --------------------------- 
                                                   J: From E2(+M1) gamma to 4+
                                                     level, gamma to 6+, and
                                                    expected band structure.
 1517.40[b] 4    2+        A C E G IJ  1.39 PS 15  J: From E2 gamma to 0+
                                                    g.s..
                                                   T: Calculated from
                                                    B(E2)(up)=0.0093 9 and
                                                    gamma branching.
 1554 7                             J
 1623[@]         6+                I               J: From gamma's to 4+ and
                                                    6+ levels and expected
                                                    band structure.
 1635[%]         6+                IJ              XREF:J(*1634)
                                                   J: From gamma's to 4+ and
                                                    6+ levels and expected
                                                    band structure.
 158Gd                   158Gd   Adopted levels (cont)                Page  18
                      ===================================


    E(level)        Jpi       XREF        T1/2               Comments          
 --------------  --------  ----------  ----------  --------------------------- 
 1636.23[c] 4    4-          C                     J: From E1 gamma's to 4+
                                                    and 5+ levels and gamma to
                                                     3+.
                                                   J: A component is
                                                    configuration=((pi
                                                    5/2[532])+(pi 3/2[411]))
                                                    from (pol t,alpha)
                                                    (1981Bu10); model
                                                    calculations
                                                    (1990So16,1994So02)
                                                    suggest this is a minor
                                                    component, with the major
                                                    component of
                                                    configuration=((nu
                                                    3/2[521])+(nu 5/2[642])).
 1639.27?[&] 11  (5-)        C      J              XREF:J(*1634)
 158Gd                   158Gd   Adopted levels (cont)                Page  19
                      ===================================


    E(level)        Jpi       XREF        T1/2               Comments          
 --------------  --------  ----------  ----------  --------------------------- 
                                                   J: From (E1) gamma to 4+
                                                    level and gamma to 6+.
 1653?                             I
 1667.29[b] 4    (4)+        C E                   J: From E1 gamma to 3-
                                                    level and gamma's to 2+
                                                    and 6+.
 1685[#]         9-                I               J: From gamma to 8+ level
                                                    and expected band
                                                    structure.
 1716.74[c] 4    5-          C                     J: From E1 gamma's to 4+
                                                    and 5+ levels and expected
                                                     band structure.
 1743.08[d] 4    0+          C  F   J              XREF:J(1750)
                                                   J: From E1 gamma to 1-
                                                    level and L=0 in (t,p).
                                                   J: A component in this band
 158Gd                   158Gd   Adopted levels (cont)                Page  20
                      ===================================


    E(level)        Jpi       XREF        T1/2               Comments          
 --------------  --------  ----------  ----------  --------------------------- 
                                                     is configuration=((pi
                                                    3/2[411])-(pi 3/2[411]))
                                                    from (pol t,alpha)
                                                    (1981Bu10) and model
                                                    calculations an additional
                                                     component is
                                                    configuration=((nu
                                                    3/2[521])-(nu 3/2[521]))
                                                    (1984So17,1994So02).
 1791.70[d] 4    2+          C    H                XREF:H(1795)
                                                   J: From E1 gamma's to 1-
                                                    and 3- levels and
                                                    comparison of measured
                                                    and calculated cross
                                                    sections in (pol t,alpha).
 1793.51[ej] 4   2-        A C                     J: From E1 gamma's to 2+
 158Gd                   158Gd   Adopted levels (cont)                Page  21
                      ===================================


    E(level)        Jpi       XREF        T1/2               Comments          
 --------------  --------  ----------  ----------  --------------------------- 
                                                    and 3+ levels and gamma to
                                                     0+ g.s..
                                                   J: Components may include
                                                    configuration=((pi
                                                    7/2[523])-(pi 3/2[411]))
                                                    (1994So02).
 1814.07[c] 4    6-          C                     J: From E1 gamma to 5+ and
                                                    expected band structure.
 1819                           F
 1847.74[f] 6    1+        A C                     J: From E1 gamma to 2-
                                                    level, gamma to 1-, and
                                                    proposed band structure.
                                                   J: Probable components are
                                                    configuration=((nu
                                                    5/2[523])-(nu 3/2[521]))
                                                    and configuration=((pi
 158Gd                   158Gd   Adopted levels (cont)                Page  22
                      ===================================


    E(level)        Jpi       XREF        T1/2               Comments          
 --------------  --------  ----------  ----------  --------------------------- 
                                                    5/2[413])-(pi 3/2[411]))
                                                    (1978Gr14) and model
                                                    calculations suggest
                                                    latter is the major
                                                    component (1994So02).
 1856.36[g] 5    1-          C  F   J              XREF:F(1854)J(*1860)
                                                   J: From E1 gamma to 2+
                                                    level, M1 to 1-, gamma to
                                                    0+, and proposed band
                                                    structure.
                                                   CONF: Several possible
                                                    configurations are
                                                    suggested in 1978Gr14 and
                                                    model calculations suggest
                                                     configuration=((nu
                                                    5/2[642])-(nu 3/2[521]))
 158Gd                   158Gd   Adopted levels (cont)                Page  23
                      ===================================


    E(level)        Jpi       XREF        T1/2               Comments          
 --------------  --------  ----------  ----------  --------------------------- 
                                                    and configuration=((pi
                                                    5/2[532])-(pi 3/2[411]))
                                                    (1994So02).
 1861.21[ej] 4   3-          C   G  J              XREF:G(1856)J(*1860)
                                                   J: From E1 gamma's to 2+
                                                    and 4+ levels.
 1866.7[*] 9     12+               I   0.98 PS 8   J: From gamma to 10+ level
                                                    and expected band
                                                    structure.
                                                   T: From Coulomb excitation
                                                    by Doppler-shifted line
                                                    shape (1977Ke06).
 1894.39[f] 12   (2+)      A C                     J: From proposed populated
                                                    in thermal and
                                                    average-resonance
                                                    (n,gamma) and expected
 158Gd                   158Gd   Adopted levels (cont)                Page  24
                      ===================================


    E(level)        Jpi       XREF        T1/2               Comments          
 --------------  --------  ----------  ----------  --------------------------- 
                                                    band structure. The
                                                    deexciting gamma's are
                                                    multiply placed or
                                                    questionable.
 1894.54[g] 5    2-          C  F                  XREF:F(*1900)
                                                   J: From E1 gamma to 2+
                                                    level and expected band
                                                    structure.
 1901.50[d] 5    4+          C  F H                XREF:F(*1900)H(1904)
                                                   J: From E1 gamma to 3-
                                                    level, gamma to 5-, and
                                                    expected band structure.
 1916.86 5       (4,5,6)-    C      J              XREF:J(1912)
                                                   J: From E1 gamma's to 5+
                                                    levels.
 1920.19[h] 5    4+          C  F                  XREF:F(*1926)
 158Gd                   158Gd   Adopted levels (cont)                Page  25
                      ===================================


    E(level)        Jpi       XREF        T1/2               Comments          
 --------------  --------  ----------  ----------  --------------------------- 
                                                   J: From E1 gamma to 5-
                                                    level and gamma's to 2+
                                                    and 6+.
                                                   J: Major component is
                                                    configuration=((nu
                                                    5/2[523])+(nu 3/2[521]))
                                                    from model calculations
                                                    with minor component of
                                                    configuration=((pi
                                                    3/2[411])+(pi 5/2[413]))
                                                    (1984So17,1986Ne06,1990So
                                                    16,1994So02).
 1930.12[i] 5    1+        A C  F H                XREF:F(*1926)
                                                   J: From E1 to 2- and
                                                    proposed band structure.
                                                   J: Probable components are
 158Gd                   158Gd   Adopted levels (cont)                Page  26
                      ===================================


    E(level)        Jpi       XREF        T1/2               Comments          
 --------------  --------  ----------  ----------  --------------------------- 
                                                    configuration=((pi
                                                    5/2[413])-(pi 3/2[411]))
                                                    and configuration=((nu
                                                    5/2[523])-(nu 3/2[521]))
                                                    (1978Gr14) and model
                                                    calculations suggest the
                                                    latter is the major
                                                    component (1994So02).
 1941.18[f] 5    3+          C      J              J: From E1 gamma to 4-,
                                                    (E1) to 2-, and expected
                                                    band structure.
 1948                           F
 1952.34 5       (0)+        C      J              XREF:J(*1954)
                                                   J: From E1 gamma to 1-
                                                    level, gamma to 2+,
                                                    population in
 158Gd                   158Gd   Adopted levels (cont)                Page  27
                      ===================================


    E(level)        Jpi       XREF        T1/2               Comments          
 --------------  --------  ----------  ----------  --------------------------- 
                                                    average-resonance capture,
                                                     and proposed band
                                                    structure.
 1953.64[ej] 6   4-          C                     J: From E1 gamma to 3+
                                                    level, gamma (multiply
                                                    placed) to 5+, and
                                                    expected band structure.
 1957.8? 8       (0+)        C      J              XREF:J(*1954)
                                                   J: From gamma to 2+ level
                                                    and population in
                                                    average-resonance capture.
 1964.04[i] 5    2+        A C    H                J: From E1 gamma to 1-
                                                    level, gamma to 0+, and
                                                    M1+E2 gamma to 3+.
 1971            (0+)               J              J: From L=(0) in (t,p).
 1977.96[g] 5    3-          C                     J: From E1 gamma's to 2+
 158Gd                   158Gd   Adopted levels (cont)                Page  28
                      ===================================


    E(level)        Jpi       XREF        T1/2               Comments          
 --------------  --------  ----------  ----------  --------------------------- 
                                                    and 4+ levels.
 1997                           F
 2017.80[h] 5    (5+)        C                     J: From M1 gamma to 5+
                                                    level and gamma's to 4-
                                                    and 6-.
 2023.70 5                 A C  F                  J: Assigned 1+ in
                                                    (n,gamma), but assigned
                                                    multipolarities give E1
                                                    gamma to 0+ level and E2
                                                    to 2+ which are
                                                    inconsistent.
 2033.85[i] 5    3+          C    H                J: From E1 gamma's to 2-
                                                    and 4- levels.
 2035.44 22      (2+)        C      J              XREF:J(*2039)
                                                   J: From gamma to 2+ level
                                                    and population in
 158Gd                   158Gd   Adopted levels (cont)                Page  29
                      ===================================


    E(level)        Jpi       XREF        T1/2               Comments          
 --------------  --------  ----------  ----------  --------------------------- 
                                                    average-resonance capture.
 2041                           F   J              XREF:J(*2039)
 2048.92 5       2-          C                     J: From M1 gamma's to 1-
                                                    and 3- levels.
 2063                           F
 2083.55 5       2+          C                     J: From E1 gamma to 3-
                                                    level, gamma to 1-, and
                                                    population in
                                                    average-resonance capture.
 2089.17 5       2+          C    H                J: From E1 gamma's to 2-
                                                    and 3- levels and gamma to
                                                     1-.
 2096            (4+)           F H J              XREF:H(2090)
                                                   J: From comparison of
                                                    measured and calculated
                                                    cross sections in (pol
 158Gd                   158Gd   Adopted levels (cont)                Page  30
                      ===================================


    E(level)        Jpi       XREF        T1/2               Comments          
 --------------  --------  ----------  ----------  --------------------------- 
                                                    t,alpha).
 2120.15 7                   C    H                XREF:H(2117)
 2134                               J
 2153.10 5       (2,3)+      C  F                  J: From E1 gamma to 3-
                                                    level and gamma's to 2+
                                                    and 4+.
 2176[ej]        (5-)             H                J: From comparison of
                                                    calculated and measured
                                                    cross sections in
                                                    159Tb(pol t,alpha).
                                                   J: Assigned as Kpi=4- band
                                                    with bandhead unobserved.
                                                    Major component is
                                                    configuration=((pi
                                                    5/2[532])+(pi 3/2[411]))
                                                    from (pol. t,a) (1991Bu10)
 158Gd                   158Gd   Adopted levels (cont)                Page  31
                      ===================================


    E(level)        Jpi       XREF        T1/2               Comments          
 --------------  --------  ----------  ----------  --------------------------- 
                                                     and model calculations
                                                    suggest this and the
                                                    configuration=((nu
                                                    3/2[521])+(nu 5/2[642]))
                                                    (1994So02) myy be present.
 2210                           F
 2215.41 6       (1,2)+      C                     J: From M1 gamma to 2+
                                                    level and gamma to 0+.
 2221.54 7       2-,3-     A C  F H                XREF:F(2225)H(2224)
                                                   J: From E1 gamma to 2+
                                                    level and gamma to 3+.
 2237                               J
 2249.53 7       2+,3,4+     C  F   J              XREF:F(2252)J(*2256)
                                                   J: From gamma's to 2+ and
                                                    4+ levels.
 2260.08 6       2+,3+       C      J              XREF:J(*2256)
 158Gd                   158Gd   Adopted levels (cont)                Page  32
                      ===================================


    E(level)        Jpi       XREF        T1/2               Comments          
 --------------  --------  ----------  ----------  --------------------------- 
                                                   J: From M1,E2 gamma to 3+
                                                    level and gamma's to 2-
                                                    and 3-.
 2269.11 6       1         A CD F   J              XREF:F(*2273)J(*2272)
                                                   J: From dipole excitation
                                                    in (gamma,gamma').
 2276.04 20                  C  F   J              XREF:F(*2273)J(*2272)
 2282.9 4                    C
 2285[ej]        (6-)           F H                XREF:F(2287)H(2282)
                                                   J: From comparison of
                                                    calculated and measured
                                                    cross section in 159Tb(pol
                                                     t,alpha).
 2296                               J
 2325.28 7       1-,2+     A      H                J: From gamma's to 0+, 1-,
                                                    and 3- levels.
 158Gd                   158Gd   Adopted levels (cont)                Page  33
                      ===================================


    E(level)        Jpi       XREF        T1/2               Comments          
 --------------  --------  ----------  ----------  --------------------------- 
 2327.44 25      (+)         C                     J: From E1 gamma from
                                                    thermal-n capture state.
 2340.3          2+        A    F   J              XREF:F(2334)J(2338)
                                                   J: From comparison of
                                                    measured and calculated
                                                    cross sections in (d,p).
 2344.48 15      (+)         C                     J: From E1 gamma from
                                                    thermal-n capture state.
 2355.09 15      (+)         C      J              XREF:J(2358)
                                                   J: From E1 gamma from
                                                    thermal-n capture state.
 2369.6 15                   C  F                  XREF:F(2366)
 2384                             H
 2395.40 13      (3+)      A C  F   J              XREF:F(2400)J(2405)
                                                   J: From comparison of
                                                    measured and calculated
 158Gd                   158Gd   Adopted levels (cont)                Page  34
                      ===================================


    E(level)        Jpi       XREF        T1/2               Comments          
 --------------  --------  ----------  ----------  --------------------------- 
                                                    cross sections in (d,p)
                                                    and gamma's to 0+ and 3-
                                                    levels and pi=+ from E1
                                                    gamma from thermal-n
                                                    capture state.
 2418[ej]        (7-)             H J              XREF:J(2427)
                                                   J: From comparison of
                                                    calculated and measured
                                                    cross sections in
                                                    159Tb(pol t,alpha).
 2433.1 8                    C
 2447.30 24      1         A  D F                  XREF:F(*2450)
                                                   J: From D excitation in
                                                    (gamma,gamma').
 2450.9 3        1,2+      A C  F                  XREF:F(*2450)
                                                   J: From gamma's to 0+ and
 158Gd                   158Gd   Adopted levels (cont)                Page  35
                      ===================================


    E(level)        Jpi       XREF        T1/2               Comments          
 --------------  --------  ----------  ----------  --------------------------- 
                                                    2+ levels.
 2475.4 3        1,2+      A        J              XREF:J(2471)
                                                   J: From gamma's to 0+ and
                                                    2+ levels.
 2480.5 14                   C
 2485.6 7                    C    H J              XREF:J(*2490)
 2499.19 10      (1,2)+    A    F   J              XREF:F(2494)J(*2490)
                                                   J: From gamma's to 0+ and
                                                    3+ levels.
 2501.0 3        (+)         C                     J: From E1 gamma from
                                                    thermal-n capture state.
 2534.1 3        (+)         C                     J: From E1 gamma from
                                                    thermal-n capture state.
 2538.9 10       (2+)        C  F                  J: From comparison of
                                                    measured and calculated
                                                    cross sections in (d,p).
 158Gd                   158Gd   Adopted levels (cont)                Page  36
                      ===================================


    E(level)        Jpi       XREF        T1/2               Comments          
 --------------  --------  ----------  ----------  --------------------------- 
 2566.8 6        1(+)        CD F   J              XREF:F(2572)J(2561)
                                                   J: J from D excitation
                                                    (gamma,gamma') and pi from
                                                     E1 gamma from thermal-n
                                                    capture state.
 2594.6 8                    C  F                  XREF:F(2589)
 2600            (3+)           F   J              XREF:J(*2601)
                                                   J: From comparison of
                                                    measured and calculated
                                                    cross sections in (d,p).
 2601.2 7        1(+)      A CD F   J              XREF:J(*2601)
                                                   J: J from D excitation in
                                                    (gamma,gamma') and pi from
                                                     E1 gamma from thermal-n
                                                    capture state. Level may
                                                    be a doublet since (d,p)
 158Gd                   158Gd   Adopted levels (cont)                Page  37
                      ===================================


    E(level)        Jpi       XREF        T1/2               Comments          
 --------------  --------  ----------  ----------  --------------------------- 
                                                    suggests Jpi=(3+).
 2620.90 23                A
 2631.0 3        (+)         C  F                  XREF:F(2634)
                                                   J: From E1 gamma from
                                                    thermal-n capture state.
 2644.1 8                  A C                     XREF:A(2642)
 2656.9 4                    C  F   J              XREF:F(2658)J(*2666)
 2670.6 3                  A C      J              XREF:C(2672)J(*2666)
 2687.1 3        (0+)        C  F   J              XREF:F(2683)J(2689)
                                                   J: From L=(0) in (t,p).
 2698.7 3                    C  F                  XREF:F(2701)
 2723.7 10                   C
 2741                           F
 2751.5 5                    C
 2758.5 3        (+)         C                     J: From E1 gamma from
                                                    thermal-n capture state.
 158Gd                   158Gd   Adopted levels (cont)                Page  38
                      ===================================


    E(level)        Jpi       XREF        T1/2               Comments          
 --------------  --------  ----------  ----------  --------------------------- 
 2761.92 22                A
 2769 7                         F   J
 2782.3 3        (+)         C                     J: From E1 gamma from
                                                    thermal-n capture state.
 2794.9? 8                   C      J
 2804            1            D F                  J: From dipole excitation
                                                    in (gamma,gamma').
 2823            1-        A CD                    J: From E1 excitation in
                                                    (gamma,gamma').
 2830.4 7                    C  F   J              XREF:J(*2839)
 2842            1            D     J              XREF:J(*2839)
                                                   J: From dipole excitation
                                                    in (gamma,gamma').
 2844.2 5                  A C
 2859.6 6                  A C  F
 2879.03 20      (+)         C                     J: From E1 gamma from
 158Gd                   158Gd   Adopted levels (cont)                Page  39
                      ===================================


    E(level)        Jpi       XREF        T1/2               Comments          
 --------------  --------  ----------  ----------  --------------------------- 
                                                    thermal-n capture state.
 2886                           F
 2896.1 6                    C
 2909.8 3        (+)         C  F                  XREF:F(2915)
                                                   J: From E1 gamma from
                                                    thermal-n capture state.
 2934.7 10                   C  F                  XREF:F(2940)
 2959.7 8                    C  F                  XREF:F(2966)
 2986.1 4        1           CD                    J: From dipole excitation
                                                    by (gamma,gamma').
 2997.7 4        (+)         C                     J: From E1 gamma from
                                                    thermal-n capture state.
 3012.05 15      (+)         C                     J: From E1 gamma from
                                                    thermal-n capture state.
 3029.1 4                    C
 3039            1            D                    J: From dipole excitation
 158Gd                   158Gd   Adopted levels (cont)                Page  40
                      ===================================


    E(level)        Jpi       XREF        T1/2               Comments          
 --------------  --------  ----------  ----------  --------------------------- 
                                                    by (gamma,gamma').
 3045.6 15                   C
 3060.3 4                    C
 3066.9 4                    C
 3080.0 6                    C
 3108            1            D                    J: From dipole excitation
                                                    by (gamma,gamma').
 3118.5 15                   C
 3141.5 7                    C
 3149.9 7        (+)         C                     J: From E1 gamma from
                                                    thermal-n capture state.
 3161            1-           D                    J: From E1 excitation by
                                                    (gamma,gamma').
 3171.2 6                    C
 3192 1          1+           D                    J: From M1 excitation by
                                                    (gamma,gamma').
 158Gd                   158Gd   Adopted levels (cont)                Page  41
                      ===================================


    E(level)        Jpi       XREF        T1/2               Comments          
 --------------  --------  ----------  ----------  --------------------------- 
 3195.5 6                    C
 3200.8 6        1+          CD                    J: From M1 excitation by
                                                    (gamma,gamma').
 3228.6 7                    C
 3234.5 5                    C
 3247.2 4                    C
 3258.2 6        1-          CD                    J: From E1 excitation by
                                                    (gamma,gamma').
 3263.9 6                    C
 3271.4 8                    C
 3288.0 5        1           CD                    J: From dipole excitation
                                                    by (gamma,gamma').
 3299            1            D                    J: From dipole excitation
                                                    by (gamma,gamma').
 3351.9 7                    C
 3411.7 4                    C
 158Gd                   158Gd   Adopted levels (cont)                Page  42
                      ===================================


    E(level)        Jpi       XREF        T1/2               Comments          
 --------------  --------  ----------  ----------  --------------------------- 
 3428            1            D                    J: From dipole excitation
                                                    by (gamma,gamma').
 3436.4 4        (+)         C                     J: From E1 gamma from
                                                    thermal-n capture state.
 3448.8 4        (+)         C                     J: From E1 gamma from
                                                    thermal-n capture state.
 3470            1            D                    J: From dipole excitation
                                                    by (gamma,gamma').
 3534.8 5        (+)         C                     J: From E1 gamma from
                                                    thermal-n capture state.
 3577            1            D                    J: From dipole excitation
                                                    by (gamma,gamma').
 3592.4 5        (-)         C                     J: From M1,E2 gamma from
                                                    thermal-n capture state.
 3626.9 5                    C
 3632.7 7                    C
 158Gd                   158Gd   Adopted levels (cont)                Page  43
                      ===================================


    E(level)        Jpi       XREF        T1/2               Comments          
 --------------  --------  ----------  ----------  --------------------------- 
 3647.5 8                    C
 3661.6 6                    C
 3750.1? 15                  C
 3794.6 10       (+)         C                     J: From E1 gamma from
                                                    thermal-n capture state.
 3820            1-           D                    J: From E1 excitation by
                                                    (gamma,gamma').
 3846.7 4        (+)         C                     J: From E1 gamma from
                                                    thermal-n capture state.
 3878.8 4        (+)         C                     J: From E1 gamma from
                                                    thermal-n capture state.
 3921            1-           D                    J: From E1 excitation by
                                                    (gamma,gamma').
 3948.0 6                    C
 3965.1 7                    C
 4015.8? 8                   C
 158Gd                   158Gd   Adopted levels (cont)                Page  44
                      ===================================


    E(level)        Jpi       XREF        T1/2               Comments          
 --------------  --------  ----------  ----------  --------------------------- 
 4110.7 8        (+)         C                     J: From E1 gamma from
                                                    thermal-n capture state.
 4139.6 4        (+)         C                     J: From E1 gamma from
                                                    thermal-n capture state.
 4161.5 8        (+)         C                     J: From E1 gamma from
                                                    thermal-n capture state.
 4236.9 6                    C

 [*] GROUND-STATE ROTATIONAL BAND,  A=13.33, B=-0.0128
 [#] KPI=1-  OCTUPOLE-VIBRATIONAL BAND
 [@] KPI=2+  GAMMA-VIBRATIONAL BAND, A=13.39, B=-0.053, A4=-0.0084
 [%] KPI=0+  B-VIBRATIONAL BAND, A=10.66, B=-0.0065
 [&] KPI=0-  OCTUPOLE-VIBRATIONAL BAND, A=13.94
 [a] KPI=4+ band,  A=11.85
 [b] KPI=0+ band,  A=10.89, B=-0.0072
 [c] KPI=4- band, A=7.92, B=0.0027
 158Gd                   158Gd   Adopted levels (cont)                Page  45
                      ===================================

 [d] KPI=0+ band, A=8.18, B=-0.013
 [e] KPI=2-  OCTUPOLE-VIBRATIONAL BAND, A=10.93, B=0.019
 [f] KPI=1+ band
 [g] KPI=1- band
 [h] KPI=4+ band, A=9.76
 [i] KPI=1+
 [j] KPI=4-












 158Gd                  158Gd   Adopted gamma-radiations              Page  46
                     ======================================

     B(E1)(W.u.) Calculated by evaluator from (gamma,gamma') data.

    Level        Eg[*#@]        Ig       Mult.   Delta    Alpha    Ig+ce
 ----------- -------------- ---------- -------- ------- --------- -----
 79.510 2    79.5104 14     100        E2               6.02
BE2W=198 6

 261.440 7   181.930 4      100        E2               0.308
BE2W=289 5

 538.983 16  277.544 7      100        E2               0.0772
 904.4 5     365.4 5        100        [E2]             0.0335
BE2W=3.2E+2 3

 977.089 25  897.622 13     76 4       E1
             977.131 13     100 5      E1               0.00119
 1023.65 3   944.09 5       100        E1               0.00127
 1041.59 3   780.14 4       47.2 9     E1               0.00184
BE1W=0.00029 8
 158Gd              158Gd   Adopted gamma-radiations (cont)           Page  47
                 =============================================


    Level        Eg[*#@]        Ig       Mult.   Delta    Alpha    Ig+ce       
 ----------- -------------- ---------- -------- ------- --------- -----
             962.06 4       100.0 20   E1               0.00123
BE1W=0.00033 10

 1158.92 3   117.331 4      0.54 6     (E2)             1.425
             135.258        3.0 3      E2               0.858
             897.549 20     100 14     E1
 1176.43 3   134.843 6      0.06 1
             637.447 20     26.7 16    E1               0.00279
             915.00 5       100 6      E1               0.00135
 1187.10 3   925.62 7       1.96 13    (E2)             0.00326
BE2W=0.27 4

             1107.63 7      100 17     E2               0.00224
BE2W=5.9 7


 158Gd              158Gd   Adopted gamma-radiations (cont)           Page  48
                 =============================================


    Level        Eg[*#@]        Ig       Mult.   Delta    Alpha    Ig+ce       
 ----------- -------------- ---------- -------- ------- --------- -----
 1187.10 3   1187.13 9      79.5 13    E2               0.00195
BE2W=3.5 4

 1196.10 3   219.015 6      0.083 10
             1116.48 5      100 6      E2               0.00221
 1259.81 3   218.213 4      6.9 6      E1               0.0362
BE1W=0.000189 24

             236.168 5      0.56 4     [E1]             0.0295
BE1W=1.21E-5 14

             282.716 6      5.1 4      E1               0.01857
BE1W=6.4E-5 8

             998.36 5       100 6      E2               0.00278
BE2W=1.39 15
 158Gd              158Gd   Adopted gamma-radiations (cont)           Page  49
                 =============================================


    Level        Eg[*#@]        Ig       Mult.   Delta    Alpha    Ig+ce       
 ----------- -------------- ---------- -------- ------- --------- -----
             1180.31 9      40 3       M1               0.00316
BM1W=0.00066 8

             1259.83 8      72 4       E2               0.00174
BE2W=0.31 4

 1263.46 3   1183.97 8      100 6      [E1]
BE1W=0.0041 10
M: Assigned E2, but that is not consistent with Jpi.

             1263.54 9      68 4       E1               0.00075
KC=0.00064
BE1W=0.0052 14

 1265.48 3   1004.00 8      25.9 20    E2(+M1)          0.0037 10
RI: From 157Gd(n,gamma); other: 16 5 from 158Eu beta- decay.
 158Gd              158Gd   Adopted gamma-radiations (cont)           Page  50
                 =============================================


    Level        Eg[*#@]        Ig       Mult.   Delta    Alpha    Ig+ce       
 ----------- -------------- ---------- -------- ------- --------- -----
 1265.48 3   1185.99 8      100 6      E2               0.00196
 1350.5 7    446.1 5        100        [E2]             0.01905
BE2W=3.3E+2 3

 1358.42 3   171.322 4      0.14 1
             819.53[%] 5    5.9[%] LT
             1097.01 5      100 6      E2               0.00229
             1278.92 7      32.5 21    E2               0.00169
 1371.89 3   195.454 5      9.0 7
             212.972 4      100 7      E2               0.1819
             832.86[%] 5    277[%] LE
 1380.57 3   1119.16 6      100 6      E2               0.00220
             1300.85 12     20.5 18    E2               0.00163
 1391.       486.
             852.
 1402.86 3   139.4289[&] 30 0.07 1
 158Gd              158Gd   Adopted gamma-radiations (cont)           Page  51
                 =============================================


    Level        Eg[*#@]        Ig       Mult.   Delta    Alpha    Ig+ce       
 ----------- -------------- ---------- -------- ------- --------- -----
 1402.86 3   143.060 6      0.04 1
             1141.44 5      85 5       E1               0.00089
             1323.39 5      100 6      E1               0.00069
 1406.64 3   141.177 10     0.05 2
             146.826 5      0.57 6
             219.539 7      0.12 2
             230.225 6      6.6 5
             247.707 5      0.33 2
             365.050 8      19.9 12    E1               0.00984
             867.72 5       28.5 17    E2               0.00375
             1145.22 11     27 4       E2               0.00210
             1327.14 8      100 6      E2               0.00157
 1452.30 4   188.838 4      1.92 15    (E1)             0.0531
             475.201 15     2.94 23    E1               0.00529
             1372.90 14     100 10     E2               0.00147

 158Gd              158Gd   Adopted gamma-radiations (cont)           Page  52
                 =============================================


    Level        Eg[*#@]        Ig       Mult.   Delta    Alpha    Ig+ce       
 ----------- -------------- ---------- -------- ------- --------- -----
 1452.30 4   1452.31 20                E0                         0.30 3
TI: from ce(K)=0.14 1 in (n,gamma) (1978Gr14) and L/K=0.136 (1969Ha61)

 1481.37 4   100.783[&] 4   0.19 4
             122.939 10     0.08 3
             215.890 4      0.75 4
             942.31 7       22 3       M1,E2            0.00314
             1219.87 8      100 6      E2               0.00185
 1499.04 4   118.460 10     0.26 7
             960.00 7       26 3
             1237.52 9      100 5      E2(+M1)          0.0023 5
 1517.40 4   114.540 4      0.50 7     [E1]             0.2034
BE1W=0.00024 5

             158.980 20     0.07 2     [E2]             0.0489
BE2W=24 8
 158Gd              158Gd   Adopted gamma-radiations (cont)           Page  53
                 =============================================


    Level        Eg[*#@]        Ig       Mult.   Delta    Alpha    Ig+ce       
 ----------- -------------- ---------- -------- ------- --------- -----
 1517.40 4   251.919 5      0.47 3     [M1,E2]          0.09 7
             253.943 5      3.37 23    E1               0.0244
BE1W=0.000148 20

             330.264 15     0.09 1     [M1,E2]          0.04 3
             475.839 13     5.6 4      E1               0.00529
BE1W=3.7E-5 5

             493.776 20     1.03 8     [E1]             0.00485
BE1W=6.2E-6 9

             540.33 20      0.58 35    [E1]             0.00399
BE1W=2.7E-6 17

             1255.98 10     33.7 23    E2               0.00175
BE2W=0.37 5
 158Gd              158Gd   Adopted gamma-radiations (cont)           Page  54
                 =============================================


    Level        Eg[*#@]        Ig       Mult.   Delta    Alpha    Ig+ce       
 ----------- -------------- ---------- -------- ------- --------- -----
             1437.89 12     100 6      E0+M1+E2 -1.6 15 0.0066 7
BM1W=0.0006 +9-6 $ BE2W=0.41 22
CC: Measured value.

             1517.44 11     85 6       E2               0.0012
BE2W=0.37 4

 1623        1084[&]
             1362
 1635        1096[&]
             1374
 1636.23 4   137.1905 25    1.84 24
             154.869 4      4.3 4      E1               0.0902
             229.590 5      0.34 3
             255.663 5      100 8      E1               0.02401
             277.824 7      5.1 4
 158Gd              158Gd   Adopted gamma-radiations (cont)           Page  55
                 =============================================


    Level        Eg[*#@]        Ig       Mult.   Delta    Alpha    Ig+ce       
 ----------- -------------- ---------- -------- ------- --------- -----
 1636.23 4   370.72 4       0.11 3
 1639.27? 11 1100.25 13     33 5
             1377.85 12     100 8      (E1)             0.00064
 1653?       1392[&]        100
 1667.29 4   149.902 9      0.17 4
             264.421 5      1.83 11    E1
             490.846 20     2.51 23
             625.77 6       1.6 3
             1129.16        48 LT
             1405.86 15     70 LT
             1588.15 15     100 LT
 1685        780.           100
 1716.74 4   217.695 4      33.0 21    E1               0.0364
             235.371 5      61 4       E1               0.0297
             310.09 3       0.36 13
             336.155 7      100 7      E1               0.01204
 158Gd              158Gd   Adopted gamma-radiations (cont)           Page  56
                 =============================================


    Level        Eg[*#@]        Ig       Mult.   Delta    Alpha    Ig+ce       
 ----------- -------------- ---------- -------- ------- --------- -----
 1716.74 4   358.323 9      7.0 5
 1743.08 4   225.651[&] 6   0.66 7
             479.615 13     28.3 17    E1               0.00518
             1663.71 20     100 10
 1791.70 4   385.068 25     0.48 9
             388.813 15     9.0 6      E1               0.00846
             528.212 17     32 3       E1               0.00420
             531.887 17     7.4 5      M1               0.02216
             750.13 3       100 6      (E1)             0.00200
             768.06 5       25 4
             814.62 4       76 5       E1               0.00169
             1530.07 15     93 6       (E2)             0.0011
             1712.7 6       45 9
 1793.51 4   528.022 17     38.8 23    E1               0.00420
             606.425 20     100 5      E1               0.00311
             634.75[&] 5    1.25 LT
 158Gd              158Gd   Adopted gamma-radiations (cont)           Page  57
                 =============================================


    Level        Eg[*#@]        Ig       Mult.   Delta    Alpha    Ig+ce       
 ----------- -------------- ---------- -------- ------- --------- -----
             751.88 4       5.6 4      M1(+E2)          0.0073 21
RI: From 157Gd(n,gamma); other: 7.1 11 from 158Eu beta- decay.

             769.85 4       16.1 11    E2               0.00490
             816.39 4       9.2 6
RI: From 158Eu beta- decay; other: 24.5 15 from 157Gd(n,gamma) which suggests
 latter is a multiplet.

             1531.4 5       1.5 3
             1712.7         4.6 5
RI: From 158Eu beta- decay; other: 22 4 from 157Gd(n,gamma) which suggests
 latter is a multiplet.

             1793.5 15      0.38 15
 1814.07 4   97.3538 25     43 8
             177.838 10     5.2 18
 158Gd              158Gd   Adopted gamma-radiations (cont)           Page  58
                 =============================================


    Level        Eg[*#@]        Ig       Mult.   Delta    Alpha    Ig+ce       
 ----------- -------------- ---------- -------- ------- --------- -----
 1814.07 4   315.032 8      53 4       E1               0.0141
             332.695 8      100 8      E1               0.01235
KC=0.01051   $LC=0.00144   $MC=0.00031

 1847.74 6   584.37[&] 4    1.24 14
             824.09 4       100 5      E1               0.00165
KC=0.00141   $LC=0.00019

             870.86 5       98 12
             1768.5 5       3.0 7
 1856.36 5   453.66[&] 4    0.66 20
             592.884 20     9.8 5      M1               0.01686
KC=0.01425   $LC=0.00196

             669.27 4       13.0 13    E1               0.00252
KC=0.00214   $LC=0.00028
 158Gd              158Gd   Adopted gamma-radiations (cont)           Page  59
                 =============================================


    Level        Eg[*#@]        Ig       Mult.   Delta    Alpha    Ig+ce       
 ----------- -------------- ---------- -------- ------- --------- -----
             832.86[%] 5    14.6[%] LT (M1,E2)          0.00411
KC=0.00342   $LC=0.00052

             879.29 5       66 4       M1               0.00639
KC=0.00541   $LC=0.00074

             1857.0 4       100 11
 1861.21 4   502.771 14     59 4       E1               0.00469
KC=0.00398   $LC=0.00053

             595.742 20     74 4       E1               0.00323
KC=0.00274   $LC=0.00037

             674.130 25     68 4       E1               0.00248
KC=0.00211   $LC=0.00028

 158Gd              158Gd   Adopted gamma-radiations (cont)           Page  60
                 =============================================


    Level        Eg[*#@]        Ig       Mult.   Delta    Alpha    Ig+ce       
 ----------- -------------- ---------- -------- ------- --------- -----
 1861.21 4   702.35 5       5.8 5      M1(+E2)          0.0086 25
             819.53[%] 5    42[%] LT
             884.15 5       27.8 22    E2               0.00360
KC=0.00300   $LC=0.00045

             1782.0 5       100 15
 1866.7 9    516.2 5        100        [E2]             0.01297
KC=0.01050   $LC=0.00186
BE2W=3.1E+2 3

 1894.39 12  491.526[&] 20  2.8 4
             628.99[%] 4    1.9[%] LT
             630.90[&] 6    2.4 9
             852.86 4       58.8 LT
RI: Igamma(852):Igamma(870):Igamma(917):Igamma(1815)=100 7:61 7:70 10:9.1 23
 from 158Eu beta- decay
 158Gd              158Gd   Adopted gamma-radiations (cont)           Page  61
                 =============================================


    Level        Eg[*#@]        Ig       Mult.   Delta    Alpha    Ig+ce       
 ----------- -------------- ---------- -------- ------- --------- -----
             870.86 5       100 LT
RI: Igamma(852):Igamma(870):Igamma(917):Igamma(1815)=100 7:61 7:70 10:9.1 23
 from 158Eu beta- decay

             917.47[%] 5    76[%] LT
RI: Igamma(852):Igamma(870):Igamma(917):Igamma(1815)=100 7:61 7:70 10:9.1 23
 158Eu beta- decay

             1815.1 5       27 LT
RI: Igamma(852):Igamma(870):Igamma(917):Igamma(1815)=100 7:61 7:70 10:9.1 23
 from 158Eu beta- decay

 1894.54 5   101.0387 25    0.51 7
             491.697 25     2.2 3      (M1,E2)          0.0146
             631.051 25     8.4 5      (E2)             0.00781
             707.53 3       16.9 10    E1               0.00225
 158Gd              158Gd   Adopted gamma-radiations (cont)           Page  62
                 =============================================


    Level        Eg[*#@]        Ig       Mult.   Delta    Alpha    Ig+ce       
 ----------- -------------- ---------- -------- ------- --------- -----
             852.86 4       59 LT
RI: Igamma(852gamma):Igamma(870gamma):Igamma(917gamma):Igamma(1815gamma)=100
 7:61 7:70 10:9.1 23 from 158Eu beta- decay

             870.86 5       100 LT
RI: Igamma(852gamma):Igamma(870gamma):Igamma(917gamma):Igamma(1815gamma)=100
 7:61 7:70 10:9.1 23 from 158Eu beta- decay

             917.47[%] 5    76[%] LT
RI: Igamma(852gamma):Igamma(870gamma):Igamma(917gamma):Igamma(1815gamma)=100
 7:61 7:70 10:9.1 23 from 158Eu beta- decay

             1815.1 5       27 LT
RI: Igamma(852gamma):Igamma(870gamma):Igamma(917gamma):Igamma(1815gamma)=100
 7:61 7:70 10:9.1 23 from 158Eu beta- decay

 158Gd              158Gd   Adopted gamma-radiations (cont)           Page  63
                 =============================================


    Level        Eg[*#@]        Ig       Mult.   Delta    Alpha    Ig+ce       
 ----------- -------------- ---------- -------- ------- --------- -----
 1901.50 5   498.645 15     21.8 12    E1               0.00475
KC=0.00405   $LC=0.00055   $MC=0.00012

             725.08 8       6.5 9
             859.82 6       61 5       (E1)             0.00152
KC=0.00130   $LC=0.00017

             1639.9 5       100 18
 1916.86 5   200.111 5      29.2 22    E2,M1            0.18 13
             280.643 6      14.7 10    E2               0.0745
             417.828 10     55 3       E1               0.0071
             435.500 11     100 6      E1               0.00647
 1920.19 5   203.460 9      0.41 4
             283.955 6      2.75 20    E1               0.01836
KC=0.01560   $LC=0.00216   $MC=0.00046   $NC+=0.00013

 158Gd              158Gd   Adopted gamma-radiations (cont)           Page  64
                 =============================================


    Level        Eg[*#@]        Ig       Mult.   Delta    Alpha    Ig+ce       
 ----------- -------------- ---------- -------- ------- --------- -----
             421.151 11     3.10 22    M1               0.0400
KC= 0.0339   $LC=0.00474   $MC=0.00102   $NC+=0.00028

             438.810 12     6.0 5      E2+M1            0.028 8
             539.601 17     100 5      M1               0.02137
KC=0.01805   $LC=0.00250

             561.75 4       6.8 8      E2(+M1)          0.012 8
             654.65 8       1.4 3
             733.13 9       3.3 5
             1381.1 6       18 8
             1657.9 7       33 8
 1930.12 5   743.055 30     100 5      M1               0.00963
KC=0.00814   $LC=0.00112


 158Gd              158Gd   Adopted gamma-radiations (cont)           Page  65
                 =============================================


    Level        Eg[*#@]        Ig       Mult.   Delta    Alpha    Ig+ce       
 ----------- -------------- ---------- -------- ------- --------- -----
 1930.12 5   906.46 5       44 3       E1               0.00138
KC=0.00117   $LC=0.00015

             952.93 6       51 4       (E1)             0.00125
KC=0.00107   $LC=0.00014

             1850.3 4       4.2 8
             1930.2 6       1.25 25
 1941.18 5   782.28 4       100 6      E1               0.00183
KC=0.00156   $LC=0.00021

             899.66 9       25 5
             917.47[%] 5    217[%] LT
KC=0.00114   $LC=0.00015

 1952.34 5   160.648[&] 6   0.12 3
 158Gd              158Gd   Adopted gamma-radiations (cont)           Page  66
                 =============================================


    Level        Eg[*#@]        Ig       Mult.   Delta    Alpha    Ig+ce       
 ----------- -------------- ---------- -------- ------- --------- -----
 1952.34 5   434.89[&] 11   0.35 18
             688.831 25     100 6      E1               0.00238
             765.32 5       11.8 9
             975.40 8       41 5
 1953.64 6   472.36[%] 3    3.5[%] LT
             595.09 7       3.1 6
             688.23 5       16.8 20    E1               0.00238
KC=0.00202   $LC=0.00027

             794.70[%] 7    12.4[%] LT
             1691.6 7       100 12
 1957.8? 8   1878.3 7       100
 1964.04 5   698.578 25     63 4       E2+M1            0.0087 25
             776.95 5       46 4       M1               0.00863
KC=0.00730   $LC=0.00100

 158Gd              158Gd   Adopted gamma-radiations (cont)           Page  67
                 =============================================


    Level        Eg[*#@]        Ig       Mult.   Delta    Alpha    Ig+ce       
 ----------- -------------- ---------- -------- ------- --------- -----
             922.50 5       100 11     (E1)             0.00133
KC=0.00113   $LC=0.00015

             940.28 14      20 6
RI: From 158Eu beta- decay; other: 31 16 from 157Gd(n,gamma).

             986.84 6       87 6       E1               0.00117
KC=0.00100   $LC=0.00013

             1702.8 2       8.3 11
             1883.0[&] 11   76 4
             1964.2 3       8.2 9
 1977.96 5   116.754 4      1.12 16
             184.485 13     0.12 5
             619.500 25     12.4 8     E1               0.00297
KC=0.00252   $LC=0.00034
 158Gd              158Gd   Adopted gamma-radiations (cont)           Page  68
                 =============================================


    Level        Eg[*#@]        Ig       Mult.   Delta    Alpha    Ig+ce       
 ----------- -------------- ---------- -------- ------- --------- -----
 1977.96 5   712.50 5       13.6 12
             714.46 15      2.5 8
             790.86 4       33 3       E1               0.00180
KC=0.00153   $LC=0.00020

             936.27 6       37 3
KC=0.00266   $LC=0.00039

             954.28 6       71 5       (E2)             0.00305
KC=0.00256   $LC=0.00037

             1000.78 7      100 7      E2               0.00276
KC=0.00232   $LC=0.00034

 2017.80 5   203.711 14     1.6 6
             301.114 20     8.0 15
 158Gd              158Gd   Adopted gamma-radiations (cont)           Page  69
                 =============================================


    Level        Eg[*#@]        Ig       Mult.   Delta    Alpha    Ig+ce       
 ----------- -------------- ---------- -------- ------- --------- -----
 2017.80 5   381.568 17     7.6 8
             518.78 6       70 20      M1               0.023
             637.22 5       100 35
 2023.70 5   231.981 13     0.06 2
             571.78[%] 3    3.7[%] LT
FL=1452.30

             763.95 4       16.5 10    E2               0.00499
KC=0.00414   $LC=0.00064
RI: From 157Gd(n,gamma); other: 39 3 from 158Eu beta- decay.

             827.75 5       11.4 10    E1
RI: From 157Gd(n,gamma); other: 23.9 24 from 158Eu beta- decay.

             1943.4 5       100 12

 158Gd              158Gd   Adopted gamma-radiations (cont)           Page  70
                 =============================================


    Level        Eg[*#@]        Ig       Mult.   Delta    Alpha    Ig+ce       
 ----------- -------------- ---------- -------- ------- --------- -----
 2023.70 5   2023.8 6       65 10
RI: From 157Gd(n,gamma); other: 57 3 from 158Eu beta- decay.

 2033.85 5   675.428 25     36.4 22    M1+E2
             768.40 5       72 9       M1               0.00887
KC=0.00750   $LC=0.00103

             846.78 5       14.5 10    E2+M1            0.0055 16
             874.97 4       79 5       E1               0.00147
KC=0.00125   $LC=0.00016

             1010.16 5      100 5      E1               0.00112
KC=0.00096   $LC=0.00012

 2035.44 22  628.99[%] 4    2.4[%] LT
             775.63 20      0.7 4
 158Gd              158Gd   Adopted gamma-radiations (cont)           Page  71
                 =============================================


    Level        Eg[*#@]        Ig       Mult.   Delta    Alpha    Ig+ce       
 ----------- -------------- ---------- -------- ------- --------- -----
             1774.76[&] 3   47 5
FL=261.440

             1955.9 6       100 10
 2048.92 5   646.062 25     26.9 17    M1               0.01360
KC=0.01150   $LC=0.00158

             785.46 4       64 4       M1               0.00840
KC=0.00711   $LC=0.00097

             1007.25 7      100 7      M1               0.00461
KC=0.00391   $LC=0.00053

             1025.29 7      52 4       M1               0.00442
KC=0.00375   $LC=0.00051

 158Gd              158Gd   Adopted gamma-radiations (cont)           Page  72
                 =============================================


    Level        Eg[*#@]        Ig       Mult.   Delta    Alpha    Ig+ce       
 ----------- -------------- ---------- -------- ------- --------- -----
 2083.55 5   680.700 25     59 4       E1
             820.05 4       100 6
 2089.17 5   227.965 7      1.36 14
             295.667 7      6.7 5      E1               0.018
             571.78[%] 3    12.7[%] LT
FL=1517.40

             686.34 4       25.2 20    E1               0.00239
KC=0.00203   $LC=0.00027

             825.67 10      22 5
             829.36 8       19.7 20
             902.04 6       100 10
             1047.36[&] 13  37 4
             1111.82[&] 20  38 10
 2120.15 7   602.67[&] 11   0.74 26
 158Gd              158Gd   Adopted gamma-radiations (cont)           Page  73
                 =============================================


    Level        Eg[*#@]        Ig       Mult.   Delta    Alpha    Ig+ce       
 ----------- -------------- ---------- -------- ------- --------- -----
 2120.15 7   713.49 5       8.7 8
             860.37 6       16.6 21    E1               0.00152
M: Assignment is inconsistent with Jpi assignment in 157Gd(n,gamma).

             2040.6 6       100 16
 2153.10 5   291.886 7      2.62 16    E1               0.018
             359.589 10     3.8 3
             746.44 6       12.8 21    E2               0.00526
KC=0.00436   $LC=0.00068

             794.70[%] 7    19.8[%] LT
             887.71 5       100 6
             893.27 7       25.1 27
             965.94 7       55 5       M1,E2            0.00298
KC=0.00249   $LC=0.00036

 158Gd              158Gd   Adopted gamma-radiations (cont)           Page  74
                 =============================================


    Level        Eg[*#@]        Ig       Mult.   Delta    Alpha    Ig+ce       
 ----------- -------------- ---------- -------- ------- --------- -----
 2215.41 6   423.727 25     5.0 6      E2               0.0223
             472.36[%] 3    8.0[%] LT
             697.87 9       8.4 16
             1028.28 8      100 8      M1               0.00439
KC=0.00372   $LC=0.00050

 2221.54 7   956.04 6       39.5 27
             1034.47 6      100 5      E1               0.00107
KC=0.00091   $LC=0.00012

 2249.53 7   891.21 7       42 4
             983.99 8       81 7
             1062.34 9      100 9
 2260.08 6   226.234 9      0.12 2
             306.078[&] 20  0.12 2
FL=1952.34
 158Gd              158Gd   Adopted gamma-radiations (cont)           Page  75
                 =============================================


    Level        Eg[*#@]        Ig       Mult.   Delta    Alpha    Ig+ce       
 ----------- -------------- ---------- -------- ------- --------- -----
             329.804[&] 8   1.42 11    M1               0.0757
FL=1930.12

             398.85 8       0.20 9
             466.51 5       0.33 9
             994.54 9       24.7 25    M1,E2            0.0038 10
             1072.62 17     18.2 24
             1218.63 20     31 7
             1236.13 25     24 4
             2180.3 3       100 29
 2269.11 6   245.408 45     6.0 4      M1,E2
             1005.78 9      100 11
             1292.3 2       21.7 27
             2189.3 8       2.2 5      D
BE1W=0.00047 9
BE1W: Calculation assumes level parity is -.
 158Gd              158Gd   Adopted gamma-radiations (cont)           Page  76
                 =============================================


    Level        Eg[*#@]        Ig       Mult.   Delta    Alpha    Ig+ce       
 ----------- -------------- ---------- -------- ------- --------- -----
             2268           5.4 14     D
BE1W=0.00017 6
BE1W: Calculation assumes level parity is -.

 2325.28 7   922.4 3        18.6 22
             1061.68 16     19.6 16
             1138.3 3       12.9 16
             1284.0 2       3.8 6
             1301.68 14     11.1 11
             1347.95 13     100 5
             2246.1 3       27.8 20
             2326.0 15      1.1 4
 2340.3      2260.7[&] 3    100 10
             2340.5[&] 10   12 4
 2395.40 13  1353.64 14     89 11
             1372.0 2       100 23
 158Gd              158Gd   Adopted gamma-radiations (cont)           Page  77
                 =============================================


    Level        Eg[*#@]        Ig       Mult.   Delta    Alpha    Ig+ce       
 ----------- -------------- ---------- -------- ------- --------- -----
 2395.40 13  2315.3 10      16 7
             2395.6[%] 5    39[%] 7
 2447.30 24  2367.7 3       100 5      D
BE1W=0.00033 8
BE1W: Calculation assumes level parity is -.

             2447.4 4       97 8       D
BE1W=0.00024 8
BE1W: Calculation assumes level parity is -.

 2450.9 3    1263.6 4       93 40
             2451.2 6       100 3
 2475.4 3    1215.7 4       100 21
             2395.6[%] 5    61[%] 11
             2475.5 5       46 7
 2499.19 10  1233.7 2       58 12
 158Gd              158Gd   Adopted gamma-radiations (cont)           Page  78
                 =============================================


    Level        Eg[*#@]        Ig       Mult.   Delta    Alpha    Ig+ce       
 ----------- -------------- ---------- -------- ------- --------- -----
 2499.19 10  1312.08 12     100 8
             1475.2 4       18 4
             2421.0 11      5.6 22
             2499.0 10      23.6 11
 2566.8 6    2486           38 11      D
             2566           100        D
 2601.2 7    2521           62 21
RI: From (gamma,gamma'); other: 24 12 from 158Eu beta- decay for gamma's with
 questionable placements.

             2601           100
 2620.90 23  1433.7 3       100 38
             1596.9 7       38 10
             1644.0 4       57 19
             2542.0 16      17 5
 2644.1 8    2564[&] 2      81 27
 158Gd              158Gd   Adopted gamma-radiations (cont)           Page  79
                 =============================================


    Level        Eg[*#@]        Ig       Mult.   Delta    Alpha    Ig+ce       
 ----------- -------------- ---------- -------- ------- --------- -----
 2644.1 8    2640[&] 2      100 41
 2670.6 3    1693.4 3       100 23
             2673 2         19 8
 2761.92 22  1738.0 3       100 19
             1785.0 3       57 10
             2764 2         15 3
 2804        2724           40 7       D
BE1W=0.00065 10
BE1W: Calculation assumes level parity is -.

             2804           100        D
BE1W=0.00024 6
BE1W: Calculation assumes level parity is -.

 2823        2743           100 17     E1
BE1W=0.00049 10
 158Gd              158Gd   Adopted gamma-radiations (cont)           Page  80
                 =============================================


    Level        Eg[*#@]        Ig       Mult.   Delta    Alpha    Ig+ce       
 ----------- -------------- ---------- -------- ------- --------- -----
             2823           56         E1
BE1W=0.00081 22

 2842        2762           68 13      D
BE1W=0.00042 7
BE1W: Calculation assumes level parity is -.

             2842           100        D
BE1W=0.00026 7
BE1W: Calculation assumes level parity is -.

 2844.2 5    2844[&] 2      100
 2859.6 6    1835.9 6       100
 2986.1 4    2906           45 12      D
             2986           100        D
 3039        2959           28 12      D
 158Gd              158Gd   Adopted gamma-radiations (cont)           Page  81
                 =============================================


    Level        Eg[*#@]        Ig       Mult.   Delta    Alpha    Ig+ce       
 ----------- -------------- ---------- -------- ------- --------- -----
 3039        3039           100        D
 3108        3028           58 7       D
             3108           100        D
 3161        3081           139 30     E1
BE1W=0.00037 8

             3161           100        E1
BE1W=0.00047 15

 3192 1      3113 1         41 5       M1
             3192 1         100        M1
 3200.8 6    3121 1         53 5       M1
             3201 1         100        M1
 3258.2 6    3179           100 23     E1
BE1W=0.00029 8

 158Gd              158Gd   Adopted gamma-radiations (cont)           Page  82
                 =============================================


    Level        Eg[*#@]        Ig       Mult.   Delta    Alpha    Ig+ce       
 ----------- -------------- ---------- -------- ------- --------- -----
             3259           53         E1
BE1W=0.00051 18

 3288.0 5    3208           45 23      D
             3288           100        D
 3299        3219           47 7       D
             3299           100        D
 3428        3348           64 23      D
BE1W=0.00016 4
BE1W: Calculation assumes level parity is -.

             3428           100        D
BE1W=0.00010 4
BE1W: Calculation assumes level parity is -.


 158Gd              158Gd   Adopted gamma-radiations (cont)           Page  83
                 =============================================


    Level        Eg[*#@]        Ig       Mult.   Delta    Alpha    Ig+ce       
 ----------- -------------- ---------- -------- ------- --------- -----
 3470        3390           39 23      D
BE1W=0.00014 4
BE1W: Calculation assumes level parity is -.

             3470           100        D
BE1W=0.00005 3
BE1W: Calculation assumes level parity is -.

 3577        3497           26 21      D
BE1W=0.00018 5
BE1W: Calculation assumes level parity is -.

             3577           100        D
BE1W=0.00004 4
BE1W: Calculation assumes level parity is -.

 158Gd              158Gd   Adopted gamma-radiations (cont)           Page  84
                 =============================================


    Level        Eg[*#@]        Ig       Mult.   Delta    Alpha    Ig+ce       
 ----------- -------------- ---------- -------- ------- --------- -----
 3820        3740           100 31     E1
BE1W=0.00036 13

             3820           74         E1
BE1W=0.00046 22

 3921        3841           100 34     E1
BE1W=0.00051 22

             3921           50         E1
BE1W=0.0010 5

 [*] From 157Gd(n,gamma) if given there, others with depopulating
     gamma's are from least-squares fit to gamma energies, and others are from
     average of energies from reaction studies.
 [#] Values are from the (n,gamma) reaction (1978Gr14) if given
 158Gd              158Gd   Adopted gamma-radiations (cont)           Page  85
                 =============================================

     there. More precise values are given for some gamma's in one 158Tb ec
     decay paper (1986Go25), but there is not sufficient information to
     justify the precision.
 [@] The unplaced gamma's are not repeated here, see the
     157Gd(n,gamma) reaction and 158Eu beta- decay. See the
     157Gd(n,gamma) reaction for the primary gamma's following the neutron
     capture.
 [%] Multiply placed; undivided intensity given.
 [&] Placement of transition in the level scheme is uncertain.









[END OF TREND LISTING] Version 8.20    12-Apr-2000    
