 205Tl            205Tl levels from 205HG B- DECAY   1971HI01         Page   1
               ==================================================


  E(level)   Jpi[*]      T1/2                       Comments
 ---------   ------   ---------   -------------------------------------------- 
 0           1/2+
 203.750 9   3/2+     1.46 NS 8   T: 1971Sh35, 1967Ma45
 619.3 3     5/2+
 1140.9 5    3/2+
 1218.7 4    1/2+
 1340.4 5    3/2+
 1434.0 5    1/2+

 [*] See adopted levels







 205Tl           beta-radiations from 205HG B- DECAY   1971HI01       Page   2
              ====================================================


    Eb-        Level       Ib-[*]       Log ft               Comments
 ---------   ---------   ---------   -----------   --------------------------- 
(100. 5)     1434.0 5    0.0049 25   5.68 24       EAV=26.8 14
(194. 5)     1340.4 5    0.006 3     6.46 22       EAV=53.1 15
(315. 5)     1218.7 4    0.007 4     7.06 25       EAV=89.6 16
(393. 5)     1140.9 5    0.0037 16   7.64 19       EAV=114.2 17
(915. 5)     619.3 3     0.015 7     8.71[1U] 21   EAV=298.6 18
(1330. 5)    203.750 9   3.2 13      6.52 18       EAV=459.6 20
                                                   IB: estimated by 1971Hi01
                                                    to be 3.7% 15 based on
                                                    ratios of IG(203.7) to
                                                    197HG,203HG IG's and
                                                    CC(203.7)=0.62; IB=3.2% if
                                                     CC is reduced to 0.46
(1534. 5)    0           96.8 15     5.266 12      EAV=542.0 21
                                                   LOGFT: this low value for
                                                    (first-forbidden) LOGFT is
                                                    typical for 3P1/2 to 3s1/2
 205Tl       beta-radiations from 205HG B- DECAY   1971HI01 (cont)    Page   3
          ===========================================================


    Eb-        Level       Ib-[*]       Log ft               Comments          
 ---------   ---------   ---------   -----------   --------------------------- 
                                                     B- decay in the lead
                                                    region (see 1980Sc26 for
                                                    207TL and 209TL)
                                                   E: some approximate
                                                    measurements listed in
                                                    1971Sc35

 [*] For absolute intensity per 100 decays, multiply by 1.0








 205Tl            gamma(205Tl) from 205HG B- DECAY   1971HI01         Page   4
               ==================================================

      NR: Based on IB- to 203.7 level

     Eg        Level       Ig[*]    Mult.     Delta     Alpha
 ---------   ---------   --------   -----   --------   ------ 
 203.750 9   203.750 9   100        M1+E2   +1.18 20   0.46 4
E: from 1983Bu02
CC: from 1982Gi11 (anomalous conversion), normalized relative to 203TL 279G
 transition.
EKC=0.29 4 $ ELC=0.132 6 $ EMC+=0.040 3

 415.6 3     619.3 3     0.59 8     (M1)               0.1691
M: from COULOMB excitation

 521.3       1140.9 5    0.03 1
RI: from G branching of 1981He14 in (N,N'G)

 618.6 7     619.3 3     0.090 20
RI(618.6)/RI(415.6) is AP twice as large as in COUL. EX. and (N,N'G)

 205Tl         gamma(205Tl) from 205HG B- DECAY   1971HI01 (cont)     Page   5
            ========================================================


     Eg        Level       Ig[*]    Mult.     Delta     Alpha                  
 ---------   ---------   --------   -----   --------   ------ 
 720.8 8     1340.4 5    0.051 15
 937.2 6     1140.9 5    0.093 20
 1014.7 8    1218.7 4    0.031 10
 1136.8 6    1340.4 5    0.21 5
 1141.1 15   1140.9 5    0.045 20
 1218.7 4    1218.7 4    0.28 5
 1230.8 10   1434.0 5    0.023 10
 1340.3 8    1340.4 5    0.015 5
 1433.9 5    1434.0 5    0.20 5

 [*] For absolute intensity per 100 decays, multiply by 0.022 10




[END OF TREND LISTING] Version 8.20    12-Apr-2000    
